2025-11-22 14:48:34 - Main - ERROR - [main.py:100] - Error crítico: (psycopg2.OperationalError) connection to server at "localhost" (::1), port 5432 failed: Connection refused (0x0000274D/10061)
	Is the server running on that host and accepting TCP/IP connections?
connection to server at "localhost" (127.0.0.1), port 5432 failed: Connection refused (0x0000274D/10061)
	Is the server running on that host and accepting TCP/IP connections?

(Background on this error at: https://sqlalche.me/e/20/e3q8)
Traceback (most recent call last):
  File "C:\Users\giova\AppData\Roaming\Python\Python312\site-packages\sqlalchemy\engine\base.py", line 145, in __init__
    self._dbapi_connection = engine.raw_connection()
                             ^^^^^^^^^^^^^^^^^^^^^^^
  File "C:\Users\giova\AppData\Roaming\Python\Python312\site-packages\sqlalchemy\engine\base.py", line 3292, in raw_connection
    return self.pool.connect()
           ^^^^^^^^^^^^^^^^^^^
  File "C:\Users\giova\AppData\Roaming\Python\Python312\site-packages\sqlalchemy\pool\base.py", line 452, in connect
    return _ConnectionFairy._checkout(self)
           ^^^^^^^^^^^^^^^^^^^^^^^^^^^^^^^^
  File "C:\Users\giova\AppData\Roaming\Python\Python312\site-packages\sqlalchemy\pool\base.py", line 1269, in _checkout
    fairy = _ConnectionRecord.checkout(pool)
            ^^^^^^^^^^^^^^^^^^^^^^^^^^^^^^^^
  File "C:\Users\giova\AppData\Roaming\Python\Python312\site-packages\sqlalchemy\pool\base.py", line 716, in checkout
    rec = pool._do_get()
          ^^^^^^^^^^^^^^
  File "C:\Users\giova\AppData\Roaming\Python\Python312\site-packages\sqlalchemy\pool\impl.py", line 169, in _do_get
    with util.safe_reraise():
  File "C:\Users\giova\AppData\Roaming\Python\Python312\site-packages\sqlalchemy\util\langhelpers.py", line 146, in __exit__
    raise exc_value.with_traceback(exc_tb)
  File "C:\Users\giova\AppData\Roaming\Python\Python312\site-packages\sqlalchemy\pool\impl.py", line 167, in _do_get
    return self._create_connection()
           ^^^^^^^^^^^^^^^^^^^^^^^^^
  File "C:\Users\giova\AppData\Roaming\Python\Python312\site-packages\sqlalchemy\pool\base.py", line 393, in _create_connection
    return _ConnectionRecord(self)
           ^^^^^^^^^^^^^^^^^^^^^^^
  File "C:\Users\giova\AppData\Roaming\Python\Python312\site-packages\sqlalchemy\pool\base.py", line 678, in __init__
    self.__connect()
  File "C:\Users\giova\AppData\Roaming\Python\Python312\site-packages\sqlalchemy\pool\base.py", line 902, in __connect
    with util.safe_reraise():
  File "C:\Users\giova\AppData\Roaming\Python\Python312\site-packages\sqlalchemy\util\langhelpers.py", line 146, in __exit__
    raise exc_value.with_traceback(exc_tb)
  File "C:\Users\giova\AppData\Roaming\Python\Python312\site-packages\sqlalchemy\pool\base.py", line 898, in __connect
    self.dbapi_connection = connection = pool._invoke_creator(self)
                                         ^^^^^^^^^^^^^^^^^^^^^^^^^^
  File "C:\Users\giova\AppData\Roaming\Python\Python312\site-packages\sqlalchemy\engine\create.py", line 637, in connect
    return dialect.connect(*cargs, **cparams)
           ^^^^^^^^^^^^^^^^^^^^^^^^^^^^^^^^^^
  File "C:\Users\giova\AppData\Roaming\Python\Python312\site-packages\sqlalchemy\engine\default.py", line 616, in connect
    return self.loaded_dbapi.connect(*cargs, **cparams)
           ^^^^^^^^^^^^^^^^^^^^^^^^^^^^^^^^^^^^^^^^^^^^
  File "C:\Users\giova\AppData\Roaming\Python\Python312\site-packages\psycopg2\__init__.py", line 122, in connect
    conn = _connect(dsn, connection_factory=connection_factory, **kwasync)
           ^^^^^^^^^^^^^^^^^^^^^^^^^^^^^^^^^^^^^^^^^^^^^^^^^^^^^^^^^^^^^^^
psycopg2.OperationalError: connection to server at "localhost" (::1), port 5432 failed: Connection refused (0x0000274D/10061)
	Is the server running on that host and accepting TCP/IP connections?
connection to server at "localhost" (127.0.0.1), port 5432 failed: Connection refused (0x0000274D/10061)
	Is the server running on that host and accepting TCP/IP connections?


The above exception was the direct cause of the following exception:

Traceback (most recent call last):
  File "C:\Users\giova\OneDrive\Escritorio\personal\trading\python\trading_platform\main.py", line 90, in main
    run_health_check(logger)
  File "C:\Users\giova\OneDrive\Escritorio\personal\trading\python\trading_platform\main.py", line 126, in run_health_check
    platform = TradingPlatform()
               ^^^^^^^^^^^^^^^^^
  File "C:\Users\giova\OneDrive\Escritorio\personal\trading\python\trading_platform\core\platform.py", line 37, in __init__
    self.data_manager = DataManager(self.config)
                        ^^^^^^^^^^^^^^^^^^^^^^^^
  File "C:\Users\giova\OneDrive\Escritorio\personal\trading\python\trading_platform\database\data_manager.py", line 40, in __init__
    self.setup_databases()
  File "C:\Users\giova\OneDrive\Escritorio\personal\trading\python\trading_platform\database\data_manager.py", line 65, in setup_databases
    TradingData.create_table(self.pg_engine)
  File "C:\Users\giova\OneDrive\Escritorio\personal\trading\python\trading_platform\database\data_manager.py", line 35, in create_table
    Base.metadata.create_all(engine)
  File "C:\Users\giova\AppData\Roaming\Python\Python312\site-packages\sqlalchemy\sql\schema.py", line 5828, in create_all
    bind._run_ddl_visitor(
  File "C:\Users\giova\AppData\Roaming\Python\Python312\site-packages\sqlalchemy\engine\base.py", line 3242, in _run_ddl_visitor
    with self.begin() as conn:
  File "C:\Program Files\Python312\Lib\contextlib.py", line 137, in __enter__
    return next(self.gen)
           ^^^^^^^^^^^^^^
  File "C:\Users\giova\AppData\Roaming\Python\Python312\site-packages\sqlalchemy\engine\base.py", line 3232, in begin
    with self.connect() as conn:
         ^^^^^^^^^^^^^^
  File "C:\Users\giova\AppData\Roaming\Python\Python312\site-packages\sqlalchemy\engine\base.py", line 3268, in connect
    return self._connection_cls(self)
           ^^^^^^^^^^^^^^^^^^^^^^^^^^
  File "C:\Users\giova\AppData\Roaming\Python\Python312\site-packages\sqlalchemy\engine\base.py", line 147, in __init__
    Connection._handle_dbapi_exception_noconnection(
  File "C:\Users\giova\AppData\Roaming\Python\Python312\site-packages\sqlalchemy\engine\base.py", line 2430, in _handle_dbapi_exception_noconnection
    raise sqlalchemy_exception.with_traceback(exc_info[2]) from e
  File "C:\Users\giova\AppData\Roaming\Python\Python312\site-packages\sqlalchemy\engine\base.py", line 145, in __init__
    self._dbapi_connection = engine.raw_connection()
                             ^^^^^^^^^^^^^^^^^^^^^^^
  File "C:\Users\giova\AppData\Roaming\Python\Python312\site-packages\sqlalchemy\engine\base.py", line 3292, in raw_connection
    return self.pool.connect()
           ^^^^^^^^^^^^^^^^^^^
  File "C:\Users\giova\AppData\Roaming\Python\Python312\site-packages\sqlalchemy\pool\base.py", line 452, in connect
    return _ConnectionFairy._checkout(self)
           ^^^^^^^^^^^^^^^^^^^^^^^^^^^^^^^^
  File "C:\Users\giova\AppData\Roaming\Python\Python312\site-packages\sqlalchemy\pool\base.py", line 1269, in _checkout
    fairy = _ConnectionRecord.checkout(pool)
            ^^^^^^^^^^^^^^^^^^^^^^^^^^^^^^^^
  File "C:\Users\giova\AppData\Roaming\Python\Python312\site-packages\sqlalchemy\pool\base.py", line 716, in checkout
    rec = pool._do_get()
          ^^^^^^^^^^^^^^
  File "C:\Users\giova\AppData\Roaming\Python\Python312\site-packages\sqlalchemy\pool\impl.py", line 169, in _do_get
    with util.safe_reraise():
  File "C:\Users\giova\AppData\Roaming\Python\Python312\site-packages\sqlalchemy\util\langhelpers.py", line 146, in __exit__
    raise exc_value.with_traceback(exc_tb)
  File "C:\Users\giova\AppData\Roaming\Python\Python312\site-packages\sqlalchemy\pool\impl.py", line 167, in _do_get
    return self._create_connection()
           ^^^^^^^^^^^^^^^^^^^^^^^^^
  File "C:\Users\giova\AppData\Roaming\Python\Python312\site-packages\sqlalchemy\pool\base.py", line 393, in _create_connection
    return _ConnectionRecord(self)
           ^^^^^^^^^^^^^^^^^^^^^^^
  File "C:\Users\giova\AppData\Roaming\Python\Python312\site-packages\sqlalchemy\pool\base.py", line 678, in __init__
    self.__connect()
  File "C:\Users\giova\AppData\Roaming\Python\Python312\site-packages\sqlalchemy\pool\base.py", line 902, in __connect
    with util.safe_reraise():
  File "C:\Users\giova\AppData\Roaming\Python\Python312\site-packages\sqlalchemy\util\langhelpers.py", line 146, in __exit__
    raise exc_value.with_traceback(exc_tb)
  File "C:\Users\giova\AppData\Roaming\Python\Python312\site-packages\sqlalchemy\pool\base.py", line 898, in __connect
    self.dbapi_connection = connection = pool._invoke_creator(self)
                                         ^^^^^^^^^^^^^^^^^^^^^^^^^^
  File "C:\Users\giova\AppData\Roaming\Python\Python312\site-packages\sqlalchemy\engine\create.py", line 637, in connect
    return dialect.connect(*cargs, **cparams)
           ^^^^^^^^^^^^^^^^^^^^^^^^^^^^^^^^^^
  File "C:\Users\giova\AppData\Roaming\Python\Python312\site-packages\sqlalchemy\engine\default.py", line 616, in connect
    return self.loaded_dbapi.connect(*cargs, **cparams)
           ^^^^^^^^^^^^^^^^^^^^^^^^^^^^^^^^^^^^^^^^^^^^
  File "C:\Users\giova\AppData\Roaming\Python\Python312\site-packages\psycopg2\__init__.py", line 122, in connect
    conn = _connect(dsn, connection_factory=connection_factory, **kwasync)
           ^^^^^^^^^^^^^^^^^^^^^^^^^^^^^^^^^^^^^^^^^^^^^^^^^^^^^^^^^^^^^^^
sqlalchemy.exc.OperationalError: (psycopg2.OperationalError) connection to server at "localhost" (::1), port 5432 failed: Connection refused (0x0000274D/10061)
	Is the server running on that host and accepting TCP/IP connections?
connection to server at "localhost" (127.0.0.1), port 5432 failed: Connection refused (0x0000274D/10061)
	Is the server running on that host and accepting TCP/IP connections?

(Background on this error at: https://sqlalche.me/e/20/e3q8)
2025-11-23 21:47:26 - Main - ERROR - [main.py:195] - Error ejecutando plataforma: DLL load failed while importing QtCore: No se encontró el proceso especificado.
Traceback (most recent call last):
  File "C:\Users\giova\OneDrive\Escritorio\personal\trading\python\trading_platform\main.py", line 191, in run_platform
    from ui.main_window import run_gui
  File "C:\Users\giova\OneDrive\Escritorio\personal\trading\python\trading_platform\ui\main_window.py", line 4, in <module>
    from PyQt6.QtWidgets import (QApplication, QMainWindow, QTabWidget, QWidget,
ImportError: DLL load failed while importing QtCore: No se encontró el proceso especificado.
2025-11-24 19:31:17 - Main - ERROR - [main.py:195] - Error ejecutando plataforma: DLL load failed while importing QtCore: No se encontró el proceso especificado.
Traceback (most recent call last):
  File "C:\Users\giova\OneDrive\Escritorio\personal\trading\python\trading_platform\main.py", line 191, in run_platform
    from ui.main_window import run_gui
  File "C:\Users\giova\OneDrive\Escritorio\personal\trading\python\trading_platform\ui\main_window.py", line 4, in <module>
    from PyQt6.QtWidgets import (QApplication, QMainWindow, QTabWidget, QWidget,
ImportError: DLL load failed while importing QtCore: No se encontró el proceso especificado.
